========Program started at 2017-11-20,10:00:08========
Rand seed = 181694.
----------Settings start.----------
Setting: ISHOWGUI = 1 
Setting: RUNLIMIT = 0 
Setting: RANDMOD = 6 
Setting: LOADDIR = input 
Setting: ISWATCHING = 1 
Setting: WATCHINTV = 0.500000 
Setting: LCMATFILE = res/LCMAT-LG.dat 
Setting: GID = 1 
Setting: GIDRANGE = 79 
Setting: AELE= 15
Setting: ANUM= 1
Setting: ANUMRANGE= 3
Setting: LCA = 8.000000 
Setting: LCB = 8.000000 
Setting: LCC = 20.000000 
Setting: LCR = 90.000000 
Setting: LCS = 90.000000 
Setting: LCT = 90.000000 
Setting: LCARANGE = 4.000000 
Setting: LCBRANGE = 4.000000 
Setting: LCCRANGE = 4.000000 
Setting: LCRRANGE = 30.000000 
Setting: LCSRANGE = 30.000000 
Setting: LCTRANGE = 30.000000 
Setting: TMATARR= 1.000000 0.000000 0.000000 0.000000 1.000000 0.000000 0.000000 0.000000 0.000000
Setting: BONDLENMAX = 5.000000 
Setting: BONDLENERRMAX = 0.300000 
Setting: BONDANGERRMAX = 0.450000 
Setting: BONDLENTOLER = 0.150000 
Setting: BONDANGTOLER = 0.150000 
Setting: ALLOWUNSAT = 0 
Setting: LINKMAX[1] = 1 
Setting: LINKMAX[6] = 3 
Setting: LINKMAX[7] = 3 
Setting: LINKMAX[14] = 4 
Setting: LINKMAX[15] = 3 
Setting: BONDLEN[1][1] = 1.400000 
Setting: BONDLEN[6][1] = 1.400000 
Setting: BONDLEN[1][6] = 1.400000 
Setting: BONDLEN[1][7] = 1.400000 
Setting: BONDLEN[7][1] = 1.400000 
Setting: BONDLEN[7][7] = 1.400000 
Setting: BONDLEN[6][6] = 1.450000 
Setting: BONDLEN[6][7] = 1.450000 
Setting: BONDLEN[7][6] = 1.450000 
Setting: BONDLEN[14][14] = 2.350000 
Setting: BONDLEN[15][15] = 2.200000 
Setting: BONDANG[1] = 90.000000 
Setting: BONDANG[6] = 120.000000 
Setting: BONDANG[7] = 114.000000 
Setting: BONDANG[14] = 109.000000 
Setting: BONDANG[15] = 115.000000 
Setting: ISCUT = 1 
Setting: CUTARANGE = 1.000000 
Setting: CUTBRANGE = 1.000000 
Setting: CUTCRANGE = 0.200000 
Setting: CUTCENTERA = 0.500000 
Setting: CUTCENTERB = 0.500000 
Setting: CUTCENTERC = 0.500000 
AELEN=1
ANUMRATN=0
----------Settings done.----------
========search start at 2017-11-20,10:00:12========
randseed=10250
structure comparing...done. res=-1
Duplicate structure file saved: out2\a8.3b7.8gama9047-dup1.res
structure comparing...done. res=-2
Duplicate structure file saved: out2\a8.4b7.5gama90157-dup1.res
structure comparing...done. res=-1
Duplicate structure file saved: out2\a8.3b7.8gama9047-org-dup2.res
structure comparing...done. res=-2
Duplicate structure file saved: out2\a8.4b7.5gama90157-org-dup2.res
